<?xml version="1.0" encoding="UTF-8"?>
<testsuite xmlns:xsi="http://www.w3.org/2001/XMLSchema-instance" xsi:noNamespaceSchemaLocation="https://maven.apache.org/surefire/maven-surefire-plugin/xsd/surefire-test-report-3.0.xsd" version="3.0" name="com.example.ListManagerTest" time="0.027" tests="2" errors="0" skipped="0" failures="0">
  <properties>
[...]
</properties>
  <testcase name="testAddItem" classname="com.example.ListManagerTest" time="0.004">
    <system-out><![CDATA[Setup: List initialized with initial items.
Teardown: List reference cleared.
]]></system-out>
  </testcase>
  <testcase name="testRemoveItem" classname="com.example.ListManagerTest" time="0.001">
    <system-out><![CDATA[Setup: List initialized with initial items.
Teardown: List reference cleared.
]]></system-out>
  </testcase>
</testsuite>